<?xml version="1.0" encoding="UTF-8"?>
<testng-results skipped="0" failed="0" total="1" passed="1">
  <reporter-output>
  </reporter-output>
  <suite name="Default suite" duration-ms="8477" started-at="2020-06-01T08:48:38Z" finished-at="2020-06-01T08:48:47Z">
    <groups>
    </groups>
    <test name="Default test" duration-ms="8477" started-at="2020-06-01T08:48:38Z" finished-at="2020-06-01T08:48:47Z">
      <class name="com.testingshastra.tests.HomePageSmokeTest">
        <test-method status="PASS" signature="verifyAll()[pri:0, instance:com.testingshastra.tests.HomePageSmokeTest@15bb6bea]" name="verifyAll" duration-ms="8463" started-at="2020-06-01T14:18:38Z" finished-at="2020-06-01T14:18:47Z">
          <reporter-output>
          </reporter-output>
        </test-method> <!-- verifyAll -->
      </class> <!-- com.testingshastra.tests.HomePageSmokeTest -->
    </test> <!-- Default test -->
  </suite> <!-- Default suite -->
</testng-results>
